<?xml version="1.0" encoding="UTF-8"?>
<testsuite xmlns:xsi="http://www.w3.org/2001/XMLSchema-instance" xsi:noNamespaceSchemaLocation="https://maven.apache.org/surefire/maven-surefire-plugin/xsd/surefire-test-report-3.0.xsd" version="3.0" name="uk.ac.ed.inf.AStarTest" time="4.05" tests="4" errors="0" skipped="0" failures="0">
  <properties>
[...]
</properties>
  <testcase name="testOrderController" classname="uk.ac.ed.inf.AStarTest" time="1.276">
    <system-out><![CDATA[&amp#27;[32mVALIDATED_ORDERS&amp#27;[0m
uk.ac.ed.inf.ilp.data.Order@a5063eef
uk.ac.ed.inf.ilp.data.Order@fee9f6
uk.ac.ed.inf.ilp.data.Order@1cf29080
uk.ac.ed.inf.ilp.data.Order@254ce63e
uk.ac.ed.inf.ilp.data.Order@4be3c381
uk.ac.ed.inf.ilp.data.Order@f3de15ad
uk.ac.ed.inf.ilp.data.Order@f5540fbb
uk.ac.ed.inf.ilp.data.Order@6bdfe15b
uk.ac.ed.inf.ilp.data.Order@bbfbf1af
uk.ac.ed.inf.ilp.data.Order@2639995a
uk.ac.ed.inf.ilp.data.Order@30def64c
uk.ac.ed.inf.ilp.data.Order@3224a7b4
uk.ac.ed.inf.ilp.data.Order@7003a02a
uk.ac.ed.inf.ilp.data.Order@4e63c4d1
uk.ac.ed.inf.ilp.data.Order@ab0650d4
uk.ac.ed.inf.ilp.data.Order@be235387
uk.ac.ed.inf.ilp.data.Order@8017aa12
uk.ac.ed.inf.ilp.data.Order@f47aa595
uk.ac.ed.inf.ilp.data.Order@e0adef6c
uk.ac.ed.inf.ilp.data.Order@bbf298e6
uk.ac.ed.inf.ilp.data.Order@e43666
uk.ac.ed.inf.ilp.data.Order@c73cb906
uk.ac.ed.inf.ilp.data.Order@2d58f412
uk.ac.ed.inf.ilp.data.Order@73ecad98
uk.ac.ed.inf.ilp.data.Order@491d8925
uk.ac.ed.inf.ilp.data.Order@824a8e66
uk.ac.ed.inf.ilp.data.Order@67f7b064
uk.ac.ed.inf.ilp.data.Order@4db545d1
uk.ac.ed.inf.ilp.data.Order@88c0da90
uk.ac.ed.inf.ilp.data.Order@9dad1a48
uk.ac.ed.inf.ilp.data.Order@131e839c
uk.ac.ed.inf.ilp.data.Order@fe36ffc2
uk.ac.ed.inf.ilp.data.Order@41f04338
uk.ac.ed.inf.ilp.data.Order@cafeffcb
uk.ac.ed.inf.ilp.data.Order@bbcdef91
uk.ac.ed.inf.ilp.data.Order@68882b04
uk.ac.ed.inf.ilp.data.Order@3d4189d
uk.ac.ed.inf.ilp.data.Order@c838d71d
uk.ac.ed.inf.ilp.data.Order@572be8cd
uk.ac.ed.inf.ilp.data.Order@4a043e51
uk.ac.ed.inf.ilp.data.Order@8487622b
uk.ac.ed.inf.ilp.data.Order@ef518c0a
uk.ac.ed.inf.ilp.data.Order@15ff3e8a
uk.ac.ed.inf.ilp.data.Order@fecf7c2f
uk.ac.ed.inf.ilp.data.Order@520b67cb
uk.ac.ed.inf.ilp.data.Order@985bca15
uk.ac.ed.inf.ilp.data.Order@7f058a92
uk.ac.ed.inf.ilp.data.Order@5944efea
uk.ac.ed.inf.ilp.data.Order@f1be8df6
uk.ac.ed.inf.ilp.data.Order@fdc1c384
uk.ac.ed.inf.ilp.data.Order@991bcfd4
uk.ac.ed.inf.ilp.data.Order@b3926c42
uk.ac.ed.inf.ilp.data.Order@6275fe13
uk.ac.ed.inf.ilp.data.Order@a78e6e3d
uk.ac.ed.inf.ilp.data.Order@c7e50efa
uk.ac.ed.inf.ilp.data.Order@4707258e
uk.ac.ed.inf.ilp.data.Order@7d485287
uk.ac.ed.inf.ilp.data.Order@c2054340
]]></system-out>
  </testcase>
  <testcase name="testAStarForRestaurantSoraLella" classname="uk.ac.ed.inf.AStarTest" time="0.674">
    <system-out><![CDATA[NamedRegion[name=central, vertices=[Luk.ac.ed.inf.ilp.data.LngLat;@7dda48d9]
uk.ac.ed.inf.data.Node@6436a7db
]]></system-out>
  </testcase>
  <testcase name="Astar" classname="uk.ac.ed.inf.AStarTest" time="1.033"/>
  <testcase name="testAStarForRestaurantSodeberg" classname="uk.ac.ed.inf.AStarTest" time="1.031">
    <system-out><![CDATA[NamedRegion[name=central, vertices=[Luk.ac.ed.inf.ilp.data.LngLat;@6e950bcf]
]]></system-out>
  </testcase>
</testsuite>